android/app/build/intermediates/manifest_merge_blame_file/debug/manifest-merger-blame-debug-report.txt
1<?xml version="1.0" encoding="utf-8"?>
2<manifest xmlns:android="http://schemas.android.com/apk/res/android"
3    package="com.dogapp"
4    android:versionCode="1"
5    android:versionName="1.0" >
6
7    <uses-sdk
8        android:minSdkVersion="21"
9        android:targetSdkVersion="30" />
10
11    <uses-permission android:name="android.permission.SYSTEM_ALERT_WINDOW" />
11-->src/debug/AndroidManifest.xml:5:5-77
11-->src/debug/AndroidManifest.xml:5:22-75
12    <uses-permission android:name="android.permission.INTERNET" />
12-->src/main/AndroidManifest.xml:4:5-67
12-->src/main/AndroidManifest.xml:4:22-64
13    <uses-permission android:name="android.permission.ACCESS_WIFI_STATE" />
13-->[com.facebook.flipper:flipper:0.99.0] AndroidManifest.xml:16:5-76
13-->[com.facebook.flipper:flipper:0.99.0] AndroidManifest.xml:16:22-73
14
15    <application
15-->src/main/AndroidManifest.xml:6:5-29:19
16        android:name="com.dogapp.MainApplication"
16-->src/main/AndroidManifest.xml:7:7-38
17        android:allowBackup="false"
17-->src/main/AndroidManifest.xml:10:7-34
18        android:appComponentFactory="androidx.core.app.CoreComponentFactory"
18-->[androidx.core:core:1.5.0] AndroidManifest.xml:24:18-86
19        android:debuggable="true"
20        android:icon="@mipmap/ic_launcher"
20-->src/main/AndroidManifest.xml:9:7-41
21        android:label="@string/app_name"
21-->src/main/AndroidManifest.xml:8:7-39
22        android:testOnly="true"
23        android:theme="@style/AppTheme"
23-->src/main/AndroidManifest.xml:11:7-38
24        android:usesCleartextTraffic="true" >
24-->src/debug/AndroidManifest.xml:8:9-44
25        <activity android:name="com.facebook.react.devsupport.DevSettingsActivity" />
25-->src/debug/AndroidManifest.xml:11:9-86
25-->src/debug/AndroidManifest.xml:11:19-83
26        <activity
26-->src/main/AndroidManifest.xml:12:7-20:18
27            android:name="com.dogapp.SplashActivity"
27-->src/main/AndroidManifest.xml:13:9-39
28            android:label="@string/app_name"
28-->src/main/AndroidManifest.xml:15:9-41
29            android:theme="@style/SplashTheme" >
29-->src/main/AndroidManifest.xml:14:9-43
30            <intent-filter>
30-->src/main/AndroidManifest.xml:16:9-19:25
31                <action android:name="android.intent.action.MAIN" />
31-->src/main/AndroidManifest.xml:17:13-65
31-->src/main/AndroidManifest.xml:17:21-62
32
33                <category android:name="android.intent.category.LAUNCHER" />
33-->src/main/AndroidManifest.xml:18:13-73
33-->src/main/AndroidManifest.xml:18:23-70
34            </intent-filter>
35        </activity>
36        <activity
36-->src/main/AndroidManifest.xml:22:7-28:34
37            android:name="com.dogapp.MainActivity"
37-->src/main/AndroidManifest.xml:23:9-37
38            android:configChanges="keyboard|keyboardHidden|orientation|screenSize|uiMode"
38-->src/main/AndroidManifest.xml:25:9-86
39            android:exported="true"
39-->src/main/AndroidManifest.xml:28:9-32
40            android:label="@string/app_name"
40-->src/main/AndroidManifest.xml:24:9-41
41            android:launchMode="singleTask"
41-->src/main/AndroidManifest.xml:26:9-40
42            android:windowSoftInputMode="adjustResize" />
42-->src/main/AndroidManifest.xml:27:9-51
43
44        <meta-data
44-->[com.github.bumptech.glide:okhttp3-integration:4.12.0] AndroidManifest.xml:11:9-13:43
45            android:name="com.bumptech.glide.integration.okhttp3.OkHttpGlideModule"
45-->[com.github.bumptech.glide:okhttp3-integration:4.12.0] AndroidManifest.xml:12:13-84
46            android:value="GlideModule" />
46-->[com.github.bumptech.glide:okhttp3-integration:4.12.0] AndroidManifest.xml:13:13-40
47    </application>
48
49</manifest>